<?xml version="1.0" encoding="UTF-8"?>
<testsuite name="com.example.demo.ProductPageTest" tests="8" skipped="0" failures="2" errors="0" timestamp="2025-06-24T19:44:27" hostname="DANTEPC" time="123.715">
  <properties/>
  <testcase name="Кнопка Поделиться: кликабельна и открывает модальное окно для неавторизованных" classname="com.example.demo.ProductPageTest" time="12.321"/>
  <testcase name="Кнопка Добавить в избранное: кликабельна и открывает выпадающее меню" classname="com.example.demo.ProductPageTest" time="16.026">
    <failure message="Element not found {By.xpath: //div[@data-testid='dropdownactionsheet']}&#13;&#10;Expected: visible (because Выпадающее меню закладок должно быть видимо)&#13;&#10;Screenshot: file:/C:/Users/Warha/test_pero/build/reports/tests/1750794295417.1.png&#13;&#10;Page source: file:/C:/Users/Warha/test_pero/build/reports/tests/1750794295417.1.html&#13;&#10;Timeout: 4 s.&#13;&#10;Caused by: NoSuchElementException: no such element: Unable to locate element: {&quot;method&quot;:&quot;xpath&quot;,&quot;selector&quot;:&quot;//div[@data-testid='dropdownactionsheet']&quot;}" type="com.codeborne.selenide.ex.ElementNotFound">Element not found {By.xpath: //div[@data-testid='dropdownactionsheet']}
Expected: visible (because Выпадающее меню закладок должно быть видимо)
Screenshot: file:/C:/Users/Warha/test_pero/build/reports/tests/1750794295417.1.png
Page source: file:/C:/Users/Warha/test_pero/build/reports/tests/1750794295417.1.html
Timeout: 4 s.
Caused by: NoSuchElementException: no such element: Unable to locate element: {&quot;method&quot;:&quot;xpath&quot;,&quot;selector&quot;:&quot;//div[@data-testid='dropdownactionsheet']&quot;}
	at app//com.codeborne.selenide.impl.WebElementSource.createElementNotFoundError(WebElementSource.java:91)
	at app//com.codeborne.selenide.impl.ElementFinder.createElementNotFoundError(ElementFinder.java:142)
	at app//com.codeborne.selenide.impl.WebElementSource.handleError(WebElementSource.java:143)
	at app//com.codeborne.selenide.impl.WebElementSource.checkConditionAndReturnElement(WebElementSource.java:127)
	at app//com.codeborne.selenide.impl.WebElementSource.checkCondition(WebElementSource.java:104)
	at app//com.codeborne.selenide.commands.Should.execute(Should.java:30)
	at app//com.codeborne.selenide.commands.Should.execute(Should.java:14)
	at app//com.codeborne.selenide.commands.Commands.execute(Commands.java:165)
	at app//com.codeborne.selenide.impl.SelenideElementProxy.dispatchAndRetry(SelenideElementProxy.java:132)
	at app//com.codeborne.selenide.impl.SelenideElementProxy.invoke(SelenideElementProxy.java:84)
	at app/jdk.proxy3/jdk.proxy3.$Proxy18.shouldBe(Unknown Source)
	at app//com.example.demo.ProductPageTest.testBookmarkActionsButtonOpensDropdown(ProductPageTest.java:52)
	at java.base@17.0.7/java.lang.reflect.Method.invoke(Method.java:568)
	at java.base@17.0.7/java.util.ArrayList.forEach(ArrayList.java:1511)
	at java.base@17.0.7/java.util.ArrayList.forEach(ArrayList.java:1511)
Caused by: org.openqa.selenium.NoSuchElementException: no such element: Unable to locate element: {&quot;method&quot;:&quot;xpath&quot;,&quot;selector&quot;:&quot;//div[@data-testid='dropdownactionsheet']&quot;}
  (Session info: chrome=137.0.7151.120)
For documentation on this error, please visit: https://www.selenium.dev/documentation/webdriver/troubleshooting/errors#no-such-element-exception
Build info: version: '4.13.0', revision: 'ba948ece5b*'
System info: os.name: 'Windows 10', os.arch: 'amd64', os.version: '10.0', java.version: '17.0.7'
Driver info: org.openqa.selenium.chrome.ChromeDriver
Command: [79736491c780918b35cfba76728366b3, findElement {using=xpath, value=//div[@data-testid='dropdownactionsheet']}]
Capabilities {acceptInsecureCerts: true, browserName: chrome, browserVersion: 137.0.7151.120, chrome: {chromedriverVersion: 137.0.7151.119 (e0ac9d12dff..., userDataDir: C:\Users\Warha\AppData\Loca...}, fedcm:accounts: true, goog:chromeOptions: {debuggerAddress: localhost:54269}, networkConnectionEnabled: false, pageLoadStrategy: normal, platformName: windows, proxy: Proxy(), se:cdp: ws://localhost:54269/devtoo..., se:cdpVersion: 137.0.7151.120, setWindowRect: true, strictFileInteractability: false, timeouts: {implicit: 0, pageLoad: 300000, script: 30000}, unhandledPromptBehavior: accept, webauthn:extension:credBlob: true, webauthn:extension:largeBlob: true, webauthn:extension:minPinLength: true, webauthn:extension:prf: true, webauthn:virtualAuthenticators: true}
Session ID: 79736491c780918b35cfba76728366b3
	at jdk.internal.reflect.GeneratedConstructorAccessor13.newInstance(Unknown Source)
	at java.base@17.0.7/jdk.internal.reflect.DelegatingConstructorAccessorImpl.newInstance(DelegatingConstructorAccessorImpl.java:45)
	at java.base@17.0.7/java.lang.reflect.Constructor.newInstanceWithCaller(Constructor.java:499)
	at java.base@17.0.7/java.lang.reflect.Constructor.newInstance(Constructor.java:480)
	at app//org.openqa.selenium.remote.codec.w3c.W3CHttpResponseCodec.createException(W3CHttpResponseCodec.java:200)
	at app//org.openqa.selenium.remote.codec.w3c.W3CHttpResponseCodec.decode(W3CHttpResponseCodec.java:133)
	at app//org.openqa.selenium.remote.codec.w3c.W3CHttpResponseCodec.decode(W3CHttpResponseCodec.java:52)
	at app//org.openqa.selenium.remote.HttpCommandExecutor.execute(HttpCommandExecutor.java:191)
	at app//org.openqa.selenium.remote.service.DriverCommandExecutor.invokeExecute(DriverCommandExecutor.java:196)
	at app//org.openqa.selenium.remote.service.DriverCommandExecutor.execute(DriverCommandExecutor.java:171)
	at app//org.openqa.selenium.remote.RemoteWebDriver.execute(RemoteWebDriver.java:602)
	at app//org.openqa.selenium.remote.ElementLocation$ElementFinder$2.findElement(ElementLocation.java:165)
	at app//org.openqa.selenium.remote.ElementLocation.findElement(ElementLocation.java:59)
	at app//org.openqa.selenium.remote.RemoteWebDriver.findElement(RemoteWebDriver.java:359)
	at app//org.openqa.selenium.remote.RemoteWebDriver.findElement(RemoteWebDriver.java:353)
	at app//com.codeborne.selenide.impl.WebElementSelector.findElement(WebElementSelector.java:70)
	at app//com.codeborne.selenide.impl.WebElementSelector.findElement(WebElementSelector.java:44)
	at app//com.codeborne.selenide.impl.WebElementSelector.findElement(WebElementSelector.java:33)
	at app//com.codeborne.selenide.impl.ElementFinder.getWebElement(ElementFinder.java:122)
	at app//com.codeborne.selenide.impl.WebElementSource.checkConditionAndReturnElement(WebElementSource.java:116)
	... 11 more
</failure>
  </testcase>
  <testcase name="Кнопка Написать: кликабельна и для неавторизованных ведет на страницу логина с параметром" classname="com.example.demo.ProductPageTest" time="12.752"/>
  <testcase name="Кнопка 'Подписаться': видна, содержит текст и (для неавторизованных) ведет на страницу логина" classname="com.example.demo.ProductPageTest" time="2.411"/>
  <testcase name="Имя продавца: кликабельно, содержит текст и открывает страницу сообщества в новой вкладке" classname="com.example.demo.ProductPageTest" time="24.868"/>
  <testcase name="Аватар продавца: кликабелен и открывает страницу сообщества в новой вкладке" classname="com.example.demo.ProductPageTest" time="26.484"/>
  <testcase name="Ссылка 'Пожаловаться на услугу': кликабельна и открывает модальное окно жалобы" classname="com.example.demo.ProductPageTest" time="16.62">
    <failure message="Invalid element state [By.xpath: //div[@role='button' and @data-testid='market_item_page_report']]: element click intercepted: Element &lt;div class=&quot;vkitLink__link--WXYoI vkitLink__tertiary--ddc88 vkitLink__withIconInChildren--MOP1u vkuiInternalTappable vkuiLink__host vkuiLink__withUnderline vkuiTappable__host vkuiTappable__hasPointerNone vkuiClickable__host vkuiClickable__realClickable vkuistyles__-focus-visible vkuiRootComponent__host&quot; role=&quot;button&quot; tabindex=&quot;0&quot; data-testid=&quot;market_item_page_report&quot;&gt;...&lt;/div&gt; is not clickable at point (346, 697). Other element would receive the click: &lt;div class=&quot;PageBottomBanner__in&quot;&gt;...&lt;/div&gt;&#13;&#10;Screenshot: file:/C:/Users/Warha/test_pero/build/reports/tests/1750794378566.2.png&#13;&#10;Page source: file:/C:/Users/Warha/test_pero/build/reports/tests/1750794378566.2.html&#13;&#10;Timeout: 4 s.&#13;&#10;Caused by: ElementClickInterceptedException: element click intercepted: Element &lt;div class=&quot;vkitLink__link--WXYoI vkitLink__tertiary--ddc88 vkitLink__withIconInChildren--MOP1u vkuiInternalTappable vkuiLink__host vkuiLink__withUnderline vkuiTappable__host vkuiTappable__hasPointerNone vkuiClickable__host vkuiClickable__realClickable vkuistyles__-focus-visible vkuiRootComponent__host&quot; role=&quot;button&quot; tabindex=&quot;0&quot; data-testid=&quot;market_item_page_report&quot;&gt;...&lt;/div&gt; is not clickable at point (346, 697). Other element would receive the click: &lt;div class=&quot;PageBottomBanner__in&quot;&gt;...&lt;/div&gt;" type="com.codeborne.selenide.ex.InvalidStateException">Invalid element state [By.xpath: //div[@role='button' and @data-testid='market_item_page_report']]: element click intercepted: Element &lt;div class=&quot;vkitLink__link--WXYoI vkitLink__tertiary--ddc88 vkitLink__withIconInChildren--MOP1u vkuiInternalTappable vkuiLink__host vkuiLink__withUnderline vkuiTappable__host vkuiTappable__hasPointerNone vkuiClickable__host vkuiClickable__realClickable vkuistyles__-focus-visible vkuiRootComponent__host&quot; role=&quot;button&quot; tabindex=&quot;0&quot; data-testid=&quot;market_item_page_report&quot;&gt;...&lt;/div&gt; is not clickable at point (346, 697). Other element would receive the click: &lt;div class=&quot;PageBottomBanner__in&quot;&gt;...&lt;/div&gt;
Screenshot: file:/C:/Users/Warha/test_pero/build/reports/tests/1750794378566.2.png
Page source: file:/C:/Users/Warha/test_pero/build/reports/tests/1750794378566.2.html
Timeout: 4 s.
Caused by: ElementClickInterceptedException: element click intercepted: Element &lt;div class=&quot;vkitLink__link--WXYoI vkitLink__tertiary--ddc88 vkitLink__withIconInChildren--MOP1u vkuiInternalTappable vkuiLink__host vkuiLink__withUnderline vkuiTappable__host vkuiTappable__hasPointerNone vkuiClickable__host vkuiClickable__realClickable vkuistyles__-focus-visible vkuiRootComponent__host&quot; role=&quot;button&quot; tabindex=&quot;0&quot; data-testid=&quot;market_item_page_report&quot;&gt;...&lt;/div&gt; is not clickable at point (346, 697). Other element would receive the click: &lt;div class=&quot;PageBottomBanner__in&quot;&gt;...&lt;/div&gt;
	at app//com.codeborne.selenide.impl.ExceptionWrapper.wrap(ExceptionWrapper.java:26)
	at app//com.codeborne.selenide.impl.SelenideElementProxy.dispatchAndRetry(SelenideElementProxy.java:154)
	at app//com.codeborne.selenide.impl.SelenideElementProxy.invoke(SelenideElementProxy.java:84)
	at app/jdk.proxy3/jdk.proxy3.$Proxy18.click(Unknown Source)
	at app//com.example.demo.ProductPage.clickReportProductLink(ProductPage.java:96)
	at app//com.example.demo.ProductPageTest.testReportProductLinkOpensReportModal(ProductPageTest.java:105)
	at java.base@17.0.7/java.lang.reflect.Method.invoke(Method.java:568)
	at java.base@17.0.7/java.util.ArrayList.forEach(ArrayList.java:1511)
	at java.base@17.0.7/java.util.ArrayList.forEach(ArrayList.java:1511)
Caused by: org.openqa.selenium.ElementClickInterceptedException: element click intercepted: Element &lt;div class=&quot;vkitLink__link--WXYoI vkitLink__tertiary--ddc88 vkitLink__withIconInChildren--MOP1u vkuiInternalTappable vkuiLink__host vkuiLink__withUnderline vkuiTappable__host vkuiTappable__hasPointerNone vkuiClickable__host vkuiClickable__realClickable vkuistyles__-focus-visible vkuiRootComponent__host&quot; role=&quot;button&quot; tabindex=&quot;0&quot; data-testid=&quot;market_item_page_report&quot;&gt;...&lt;/div&gt; is not clickable at point (346, 697). Other element would receive the click: &lt;div class=&quot;PageBottomBanner__in&quot;&gt;...&lt;/div&gt;
  (Session info: chrome=137.0.7151.120)
Build info: version: '4.13.0', revision: 'ba948ece5b*'
System info: os.name: 'Windows 10', os.arch: 'amd64', os.version: '10.0', java.version: '17.0.7'
Driver info: org.openqa.selenium.chrome.ChromeDriver
Command: [160a082438fb3d69e9709b8dff12f800, clickElement {id=f.99E8B85BCC4F438AE6EFF36685B6BFA5.d.D01E58AB7183C68DBA3DF73AF70CA8AD.e.88}]
Capabilities {acceptInsecureCerts: true, browserName: chrome, browserVersion: 137.0.7151.120, chrome: {chromedriverVersion: 137.0.7151.119 (e0ac9d12dff..., userDataDir: C:\Users\Warha\AppData\Loca...}, fedcm:accounts: true, goog:chromeOptions: {debuggerAddress: localhost:54626}, networkConnectionEnabled: false, pageLoadStrategy: normal, platformName: windows, proxy: Proxy(), se:cdp: ws://localhost:54626/devtoo..., se:cdpVersion: 137.0.7151.120, setWindowRect: true, strictFileInteractability: false, timeouts: {implicit: 0, pageLoad: 300000, script: 30000}, unhandledPromptBehavior: accept, webauthn:extension:credBlob: true, webauthn:extension:largeBlob: true, webauthn:extension:minPinLength: true, webauthn:extension:prf: true, webauthn:virtualAuthenticators: true}
Element: [[ChromeDriver: chrome on windows (160a082438fb3d69e9709b8dff12f800)] -&gt; xpath: //div[@role='button' and @data-testid='market_item_page_report']]
Session ID: 160a082438fb3d69e9709b8dff12f800
	at java.base@17.0.7/jdk.internal.reflect.NativeConstructorAccessorImpl.newInstance0(Native Method)
	at java.base@17.0.7/jdk.internal.reflect.NativeConstructorAccessorImpl.newInstance(NativeConstructorAccessorImpl.java:77)
	at java.base@17.0.7/jdk.internal.reflect.DelegatingConstructorAccessorImpl.newInstance(DelegatingConstructorAccessorImpl.java:45)
	at java.base@17.0.7/java.lang.reflect.Constructor.newInstanceWithCaller(Constructor.java:499)
	at java.base@17.0.7/java.lang.reflect.Constructor.newInstance(Constructor.java:480)
	at app//org.openqa.selenium.remote.codec.w3c.W3CHttpResponseCodec.createException(W3CHttpResponseCodec.java:200)
	at app//org.openqa.selenium.remote.codec.w3c.W3CHttpResponseCodec.decode(W3CHttpResponseCodec.java:133)
	at app//org.openqa.selenium.remote.codec.w3c.W3CHttpResponseCodec.decode(W3CHttpResponseCodec.java:52)
	at app//org.openqa.selenium.remote.HttpCommandExecutor.execute(HttpCommandExecutor.java:191)
	at app//org.openqa.selenium.remote.service.DriverCommandExecutor.invokeExecute(DriverCommandExecutor.java:196)
	at app//org.openqa.selenium.remote.service.DriverCommandExecutor.execute(DriverCommandExecutor.java:171)
	at app//org.openqa.selenium.remote.RemoteWebDriver.execute(RemoteWebDriver.java:602)
	at app//org.openqa.selenium.remote.RemoteWebElement.execute(RemoteWebElement.java:224)
	at app//org.openqa.selenium.remote.RemoteWebElement.click(RemoteWebElement.java:77)
	at app//com.codeborne.selenide.commands.Click.defaultClick(Click.java:97)
	at app//com.codeborne.selenide.commands.Click.click(Click.java:54)
	at app//com.codeborne.selenide.commands.Click.execute(Click.java:31)
	at app//com.codeborne.selenide.commands.Click.execute(Click.java:21)
	at app//com.codeborne.selenide.commands.Commands.execute(Commands.java:165)
	at app//com.codeborne.selenide.impl.SelenideElementProxy.dispatchAndRetry(SelenideElementProxy.java:132)
	... 7 more
</failure>
  </testcase>
  <testcase name="Проверка видимости основной текстовой информации о товаре в карточке" classname="com.example.demo.ProductPageTest" time="12.204"/>
  <system-out><![CDATA[]]></system-out>
  <system-err><![CDATA[[Test worker] INFO com.codeborne.selenide.impl.WebDriverThreadLocalContainer - Webdriver has been closed meanwhile. Let's re-create it.
[Test worker] INFO com.codeborne.selenide.impl.FileHelper - Deleted empty folder: C:\Users\Warha\test_pero\build\downloads\1750794219021_22448_1
[Test worker] INFO com.codeborne.selenide.drivercommands.CloseDriverCommand - Close webdriver: 1 -> ChromeDriver: chrome on windows (79736491c780918b35cfba76728366b3)...
[AsyncHttpClient-1-4] WARN org.asynchttpclient.netty.handler.WebSocketHandler - onError
java.net.SocketException: Connection reset
	at java.base/sun.nio.ch.SocketChannelImpl.throwConnectionReset(SocketChannelImpl.java:394)
	at java.base/sun.nio.ch.SocketChannelImpl.read(SocketChannelImpl.java:426)
	at io.netty.buffer.PooledByteBuf.setBytes(PooledByteBuf.java:254)
	at io.netty.buffer.AbstractByteBuf.writeBytes(AbstractByteBuf.java:1132)
	at io.netty.channel.socket.nio.NioSocketChannel.doReadBytes(NioSocketChannel.java:357)
	at io.netty.channel.nio.AbstractNioByteChannel$NioByteUnsafe.read(AbstractNioByteChannel.java:151)
	at io.netty.channel.nio.NioEventLoop.processSelectedKey(NioEventLoop.java:788)
	at io.netty.channel.nio.NioEventLoop.processSelectedKeysOptimized(NioEventLoop.java:724)
	at io.netty.channel.nio.NioEventLoop.processSelectedKeys(NioEventLoop.java:650)
	at io.netty.channel.nio.NioEventLoop.run(NioEventLoop.java:562)
	at io.netty.util.concurrent.SingleThreadEventExecutor$4.run(SingleThreadEventExecutor.java:997)
	at io.netty.util.internal.ThreadExecutorMap$2.run(ThreadExecutorMap.java:74)
	at io.netty.util.concurrent.FastThreadLocalRunnable.run(FastThreadLocalRunnable.java:30)
	at java.base/java.lang.Thread.run(Thread.java:833)
июн. 24, 2025 10:45:35 PM org.openqa.selenium.remote.http.WebSocket$Listener onError
WARNING: Connection reset
java.net.SocketException: Connection reset
	at java.base/sun.nio.ch.SocketChannelImpl.throwConnectionReset(SocketChannelImpl.java:394)
	at java.base/sun.nio.ch.SocketChannelImpl.read(SocketChannelImpl.java:426)
	at io.netty.buffer.PooledByteBuf.setBytes(PooledByteBuf.java:254)
	at io.netty.buffer.AbstractByteBuf.writeBytes(AbstractByteBuf.java:1132)
	at io.netty.channel.socket.nio.NioSocketChannel.doReadBytes(NioSocketChannel.java:357)
	at io.netty.channel.nio.AbstractNioByteChannel$NioByteUnsafe.read(AbstractNioByteChannel.java:151)
	at io.netty.channel.nio.NioEventLoop.processSelectedKey(NioEventLoop.java:788)
	at io.netty.channel.nio.NioEventLoop.processSelectedKeysOptimized(NioEventLoop.java:724)
	at io.netty.channel.nio.NioEventLoop.processSelectedKeys(NioEventLoop.java:650)
	at io.netty.channel.nio.NioEventLoop.run(NioEventLoop.java:562)
	at io.netty.util.concurrent.SingleThreadEventExecutor$4.run(SingleThreadEventExecutor.java:997)
	at io.netty.util.internal.ThreadExecutorMap$2.run(ThreadExecutorMap.java:74)
	at io.netty.util.concurrent.FastThreadLocalRunnable.run(FastThreadLocalRunnable.java:30)
	at java.base/java.lang.Thread.run(Thread.java:833)

[Test worker] INFO com.codeborne.selenide.drivercommands.CloseDriverCommand - Closed webdriver 1 in 258 ms
[Test worker] INFO com.codeborne.selenide.drivercommands.DisposablesRegistry - Unregister WebDriverInstance[config=StaticConfig,webDriver=ChromeDriver: chrome on windows (null),proxy=null,downloadsFolder=C:\Users\Warha\test_pero\build\downloads\1750794219021_22448_1] in 1 [size=0]
[Test worker] INFO com.codeborne.selenide.impl.FileHelper - Creating folder: C:\Users\Warha\test_pero\build\downloads\1750794335862_22448_1
[Test worker] INFO com.codeborne.selenide.webdriver.SelenideNettyClientFactory - Changed readTimeout from PT3M to PT1M30S
[Test worker] INFO com.codeborne.selenide.webdriver.SelenideNettyClientFactory - Changed readTimeout from PT3M to PT1M30S
июн. 24, 2025 10:45:36 PM org.openqa.selenium.devtools.CdpVersionFinder findNearestMatch
WARNING: Unable to find CDP implementation matching 137
июн. 24, 2025 10:45:36 PM org.openqa.selenium.chromium.ChromiumDriver lambda$new$5
WARNING: Unable to find version of CDP to use for 137.0.7151.120. You may need to include a dependency on a specific version of the CDP using something similar to `org.seleniumhq.selenium:selenium-devtools-v86:4.13.0` where the version ("v86") matches the version of the chromium-based browser you're using and the version number of the artifact is the same as Selenium's.
[Test worker] INFO com.codeborne.selenide.webdriver.WebDriverFactory - BrowserName=chrome Version=137.0.7151.120 Platform=windows
[Test worker] INFO com.codeborne.selenide.webdriver.WebDriverFactory - Selenide v. 6.19.1
[Test worker] INFO com.codeborne.selenide.webdriver.WebDriverFactory - Selenium WebDriver v. 4.13.0 build revision: ba948ece5b*
[Test worker] INFO com.codeborne.selenide.drivercommands.CreateDriverCommand - Created webdriver in thread 1: ChromeDriver -> ChromeDriver: chrome on windows (160a082438fb3d69e9709b8dff12f800)
[Test worker] INFO com.codeborne.selenide.drivercommands.DisposablesRegistry - Register WebDriverInstance[config=StaticConfig,webDriver=ChromeDriver: chrome on windows (160a082438fb3d69e9709b8dff12f800),proxy=null,downloadsFolder=C:\Users\Warha\test_pero\build\downloads\1750794335862_22448_1] in 1 [size=1]
]]></system-err>
</testsuite>
